This is pdfTeX, Version 3.14159265-2.6-1.40.21 (MiKTeX 20.12) (preloaded format=pdflatex 2021.1.7)  1 SEP 2023 16:36
entering extended mode
**D:/Git/Projet/2223_Internship_Gauthier/fstsite/devis/devis_20230901-02.tex
(D:/Git/Projet/2223_Internship_Gauthier/fstsite/devis/devis_20230901-02.tex
LaTeX2e <2020-10-01> patch level 2
L3 programming layer <2020-12-07> xparse <2020-03-03>
(C:\Users\Minorzar\AppData\Local\Programs\MiKTeX\tex/latex/base\article.cls
Document Class: article 2020/04/10 v1.4m Standard LaTeX document class
(C:\Users\Minorzar\AppData\Local\Programs\MiKTeX\tex/latex/base\size11.clo
File: size11.clo 2020/04/10 v1.4m Standard LaTeX file (size option)
)
\c@part=\count177
\c@section=\count178
\c@subsection=\count179
\c@subsubsection=\count180
\c@paragraph=\count181
\c@subparagraph=\count182
\c@figure=\count183
\c@table=\count184
\abovecaptionskip=\skip47
\belowcaptionskip=\skip48
\bibindent=\dimen138
)
(C:\Users\Minorzar\AppData\Local\Programs\MiKTeX\tex/latex/base\fontenc.sty
Package: fontenc 2020/08/10 v2.0s Standard LaTeX package
)
(C:\Users\Minorzar\AppData\Local\Programs\MiKTeX\tex/latex/base\inputenc.sty
Package: inputenc 2020/08/01 v1.3d Input encoding file
\inpenc@prehook=\toks15
\inpenc@posthook=\toks16
)
(C:\Users\Minorzar\AppData\Local\Programs\MiKTeX\tex/latex/lastpage\lastpage.st
y
Package: lastpage 2023/04/12 v2.0b lastpage: 2.09 or 2e? (HMM)

(C:\Users\Minorzar\AppData\Local\Programs\MiKTeX\tex/latex/lastpage\lastpage2e.
sty
Package: lastpage2e 2023/04/12 v2.0b Decide which 2e lastpage version to use (H
MM)

(C:\Users\Minorzar\AppData\Local\Programs\MiKTeX\tex/latex/lastpage\lastpagecla
ssic.sty
Package: lastpageclassic 2023/04/12 v2.0b Refers to last page's name (HMM; JPG)

) 
))
(C:\Users\Minorzar\AppData\Local\Programs\MiKTeX\tex/latex/geometry\geometry.st
y
Package: geometry 2020/01/02 v5.9 Page Geometry

(C:\Users\Minorzar\AppData\Local\Programs\MiKTeX\tex/latex/graphics\keyval.sty
Package: keyval 2014/10/28 v1.15 key=value parser (DPC)
\KV@toks@=\toks17
) (C:\Users\Minorzar\AppData\Local\Programs\MiKTeX\tex/generic/iftex\ifvtex.sty
Package: ifvtex 2019/10/25 v1.7 ifvtex legacy package. Use iftex instead.

(C:\Users\Minorzar\AppData\Local\Programs\MiKTeX\tex/generic/iftex\iftex.sty
Package: iftex 2020/03/06 v1.0d TeX engine tests
))
\Gm@cnth=\count185
\Gm@cntv=\count186
\c@Gm@tempcnt=\count187
\Gm@bindingoffset=\dimen139
\Gm@wd@mp=\dimen140
\Gm@odd@mp=\dimen141
\Gm@even@mp=\dimen142
\Gm@layoutwidth=\dimen143
\Gm@layoutheight=\dimen144
\Gm@layouthoffset=\dimen145
\Gm@layoutvoffset=\dimen146
\Gm@dimlist=\toks18

(C:\Users\Minorzar\AppData\Local\Programs\MiKTeX\tex/latex/geometry\geometry.cf
g))
(C:\Users\Minorzar\AppData\Local\Programs\MiKTeX\tex/generic/babel\babel.sty
Package: babel 2020/10/27 3.51 The Babel package

(C:\Users\Minorzar\AppData\Local\Programs\MiKTeX\tex/generic/babel\babel.def
File: babel.def 2020/10/27 3.51 Babel common definitions
\babel@savecnt=\count188
\U@D=\dimen147
\l@babelnohyphens=\language79

(C:\Users\Minorzar\AppData\Local\Programs\MiKTeX\tex/generic/babel\txtbabel.def
)
\bbl@readstream=\read2
)
\bbl@dirlevel=\count189

*************************************
* Local config file bblopts.cfg used
*
(C:\Users\Minorzar\AppData\Local\Programs\MiKTeX\tex/latex/arabi\bblopts.cfg
File: bblopts.cfg 2005/09/08 v0.1 add Arabic and Farsi to "declared" options of
 babel
)
(C:\Users\Minorzar\AppData\Local\Programs\MiKTeX\tex/generic/babel-french\frenc
h.ldf
Language: french 2020/10/10 v3.5l French support from the babel system
Package babel Info: \l@acadian = using hyphenrules for french
(babel)             (\language22) on input line 91.
Package babel Info: \l@canadien = using hyphenrules for french
(babel)             (\language22) on input line 92.
\FB@nonchar=\count190
Package babel Info: Making : an active character on input line 430.
Package babel Info: Making ; an active character on input line 431.
Package babel Info: Making ! an active character on input line 432.
Package babel Info: Making ? an active character on input line 433.
\FBguill@level=\count191
\FBold@everypar=\toks19
\FB@Mht=\dimen148
\mc@charclass=\count192
\mc@charfam=\count193
\mc@charslot=\count194
\std@mcc=\count195
\dec@mcc=\count196
\listindentFB=\dimen149
\descindentFB=\dimen150
\labelindentFB=\dimen151
\labelwidthFB=\dimen152
\leftmarginFB=\dimen153
\parindentFFN=\dimen154
\FBfnindent=\dimen155
))
(C:\Users\Minorzar\AppData\Local\Programs\MiKTeX\tex/latex/carlisle\scalefnt.st
y) (C:\Users\Minorzar\AppData\Local\Programs\MiKTeX\tex/latex/units\units.sty
Package: units 1998/08/04 v0.9b Typesetting units

(C:\Users\Minorzar\AppData\Local\Programs\MiKTeX\tex/latex/base\ifthen.sty
Package: ifthen 2014/09/29 v1.1c Standard LaTeX ifthen package (DPC)
)
(C:\Users\Minorzar\AppData\Local\Programs\MiKTeX\tex/latex/units\nicefrac.sty
Package: nicefrac 1998/08/04 v0.9b Nice fractions
\L@UnitsRaiseDisplaystyle=\skip49
\L@UnitsRaiseTextstyle=\skip50
\L@UnitsRaiseScriptstyle=\skip51
)) (C:\Users\Minorzar\AppData\Local\Programs\MiKTeX\tex/latex/bera\bera.sty
Package: bera 2004/01/31 (WaS)

(C:\Users\Minorzar\AppData\Local\Programs\MiKTeX\tex/latex/base\fontenc.sty
Package: fontenc 2020/08/10 v2.0s Standard LaTeX package
)
(C:\Users\Minorzar\AppData\Local\Programs\MiKTeX\tex/latex/base\textcomp.sty
Package: textcomp 2020/02/02 v2.0n Standard LaTeX package
)
(C:\Users\Minorzar\AppData\Local\Programs\MiKTeX\tex/latex/bera\beraserif.sty
Package: beraserif 2004/01/30 (WaS)
LaTeX Font Info:    Trying to load font information for T1+fve on input line 30
.

(C:\Users\Minorzar\AppData\Local\Programs\MiKTeX\tex/latex/bera\t1fve.fd
File: t1fve.fd 2004/09/07 scalable font definitions for T1/fve.
)
LaTeX Font Info:    Font shape `T1/fve/m/n' will be
(Font)              scaled to size 9.85492pt on input line 30.
)
(C:\Users\Minorzar\AppData\Local\Programs\MiKTeX\tex/latex/bera\berasans.sty
Package: berasans 2004/01/30 (WaS)
)
(C:\Users\Minorzar\AppData\Local\Programs\MiKTeX\tex/latex/bera\beramono.sty
Package: beramono 2004/01/31 (WaS)
))
(C:\Users\Minorzar\AppData\Local\Programs\MiKTeX\tex/latex/graphics\graphicx.st
y
Package: graphicx 2020/09/09 v1.2b Enhanced LaTeX Graphics (DPC,SPQR)

(C:\Users\Minorzar\AppData\Local\Programs\MiKTeX\tex/latex/graphics\graphics.st
y
Package: graphics 2020/08/30 v1.4c Standard LaTeX Graphics (DPC,SPQR)
 (C:\Users\Minorzar\AppData\Local\Programs\MiKTeX\tex/latex/graphics\trig.sty
Package: trig 2016/01/03 v1.10 sin cos tan (DPC)
)
(C:\Users\Minorzar\AppData\Local\Programs\MiKTeX\tex/latex/graphics-cfg\graphic
s.cfg
File: graphics.cfg 2016/06/04 v1.11 sample graphics configuration
)
Package graphics Info: Driver file: pdftex.def on input line 105.

(C:\Users\Minorzar\AppData\Local\Programs\MiKTeX\tex/latex/graphics-def\pdftex.
def
File: pdftex.def 2020/10/05 v1.2a Graphics/color driver for pdftex
))
\Gin@req@height=\dimen156
\Gin@req@width=\dimen157
)
(C:\Users\Minorzar\AppData\Local\Programs\MiKTeX\tex/latex/fancyhdr\fancyhdr.st
y
Package: fancyhdr 2019/01/31 v3.10 Extensive control of page headers and footer
s
\f@nch@headwidth=\skip52
\f@nch@O@elh=\skip53
\f@nch@O@erh=\skip54
\f@nch@O@olh=\skip55
\f@nch@O@orh=\skip56
\f@nch@O@elf=\skip57
\f@nch@O@erf=\skip58
\f@nch@O@olf=\skip59
\f@nch@O@orf=\skip60
) (C:\Users\Minorzar\AppData\Local\Programs\MiKTeX\tex/latex/fp\fp.sty
Package: fp 1995/04/02

`Fixed Point Package', Version 0.8, April 2, 1995 (C) Michael Mehlich
(C:\Users\Minorzar\AppData\Local\Programs\MiKTeX\tex/latex/fp\defpattern.sty
Package: defpattern 1994/10/12
\actioncount=\count197
)
(C:\Users\Minorzar\AppData\Local\Programs\MiKTeX\tex/latex/fp\fp-basic.sty
Package: fp-basic 1996/05/13
\FP@xs=\count198
\FP@xia=\count199
\FP@xib=\count266
\FP@xfa=\count267
\FP@xfb=\count268
\FP@rega=\count269
\FP@regb=\count270
\FP@regs=\count271
\FP@times=\count272
)
(C:\Users\Minorzar\AppData\Local\Programs\MiKTeX\tex/latex/fp\fp-addons.sty
Package: fp-addons 1995/03/15
)
(C:\Users\Minorzar\AppData\Local\Programs\MiKTeX\tex/latex/fp\fp-snap.sty
Package: fp-snap 1995/04/05
)
(C:\Users\Minorzar\AppData\Local\Programs\MiKTeX\tex/latex/fp\fp-exp.sty
Package: fp-exp 1995/04/03
)
(C:\Users\Minorzar\AppData\Local\Programs\MiKTeX\tex/latex/fp\fp-trigo.sty
Package: fp-trigo 1995/04/14
)
(C:\Users\Minorzar\AppData\Local\Programs\MiKTeX\tex/latex/fp\fp-pas.sty
Package: fp-pas 1994/08/29
)
(C:\Users\Minorzar\AppData\Local\Programs\MiKTeX\tex/latex/fp\fp-random.sty
Package: fp-random 1995/02/23
\FPseed=\count273
)
(C:\Users\Minorzar\AppData\Local\Programs\MiKTeX\tex/latex/fp\fp-eqn.sty
Package: fp-eqn 1995/04/03
)
(C:\Users\Minorzar\AppData\Local\Programs\MiKTeX\tex/latex/fp\fp-upn.sty
Package: fp-upn 1996/10/21
)
(C:\Users\Minorzar\AppData\Local\Programs\MiKTeX\tex/latex/fp\fp-eval.sty
Package: fp-eval 1995/04/03
))
(C:\Users\Minorzar\AppData\Local\Programs\MiKTeX\tex/latex/tools\longtable.sty
Package: longtable 2020/01/07 v4.13 Multi-page Table package (DPC)
\LTleft=\skip61
\LTright=\skip62
\LTpre=\skip63
\LTpost=\skip64
\LTchunksize=\count274
\LTcapwidth=\dimen158
\LT@head=\box47
\LT@firsthead=\box48
\LT@foot=\box49
\LT@lastfoot=\box50
\LT@cols=\count275
\LT@rows=\count276
\c@LT@tables=\count277
\c@LT@chunks=\count278
\LT@p@ftn=\toks20
)
(C:\Users\Minorzar\AppData\Local\Programs\MiKTeX\tex/latex/marvosym\marvosym.st
y
Package: marvosym 2011/07/20 v2.2 Martin Vogel's Symbols font definitions
) (C:\Users\Minorzar\AppData\Local\Programs\MiKTeX\tex/latex/tools\array.sty
Package: array 2019/08/31 v2.4l Tabular extension package (FMi)
\col@sep=\dimen159
\ar@mcellbox=\box51
\extrarowheight=\dimen160
\NC@list=\toks21
\extratabsurround=\skip65
\backup@length=\skip66
\ar@cellbox=\box52
)
(C:\Users\Minorzar\AppData\Local\Programs\MiKTeX\tex/latex/multirow\multirow.st
y
Package: multirow 2021/03/15 v2.8 Span multiple rows of a table
\multirow@colwidth=\skip67
\multirow@cntb=\count279
\multirow@dima=\skip68
\bigstrutjot=\dimen161
)
(C:\Users\Minorzar\AppData\Local\Programs\MiKTeX\tex/latex/makecell\makecell.st
y
Package: makecell 2009/08/03 V0.1e Managing of Tab Column Heads and Cells
\rotheadsize=\dimen162
\c@nlinenum=\count280
\TeXr@lab=\toks22
)
(C:\Users\Minorzar\AppData\Local\Programs\MiKTeX\tex/latex/datetime\datetime.st
y
Package: datetime 2015/03/20 v2.60 Date Time Package

(C:\Users\Minorzar\AppData\Local\Programs\MiKTeX\tex/latex/etoolbox\etoolbox.st
y
Package: etoolbox 2020/10/05 v2.5k e-TeX tools for LaTeX (JAW)
\etb@tempcnta=\count281
)
(C:\Users\Minorzar\AppData\Local\Programs\MiKTeX\tex/latex/fmtcount\fmtcount.st
y
Package: fmtcount 2020/01/30 v3.07

(C:\Users\Minorzar\AppData\Local\Programs\MiKTeX\tex/latex/xkeyval\xkeyval.sty
Package: xkeyval 2020/11/20 v2.8 package option processing (HA)

(C:\Users\Minorzar\AppData\Local\Programs\MiKTeX\tex/generic/xkeyval\xkeyval.te
x
(C:\Users\Minorzar\AppData\Local\Programs\MiKTeX\tex/generic/xkeyval\xkvutils.t
ex
\XKV@toks=\toks23
\XKV@tempa@toks=\toks24
)
\XKV@depth=\count282
File: xkeyval.tex 2014/12/03 v2.7a key=value parser (HA)
))
(C:\Users\Minorzar\AppData\Local\Programs\MiKTeX\tex/latex/fmtcount\fcprefix.st
y
Package: fcprefix 2012/09/28

(C:\Users\Minorzar\AppData\Local\Programs\MiKTeX\tex/latex/fmtcount\fcnumparser
.sty
Package: fcnumparser 2017/06/15
\fc@digit@counter=\count283
))
(C:\Users\Minorzar\AppData\Local\Programs\MiKTeX\tex/latex/amsmath\amsgen.sty
File: amsgen.sty 1999/11/30 v2.0 generic functions
\@emptytoks=\toks25
\ex@=\dimen163
)
\c@padzeroesN=\count284
\fc@tmpcatcode=\count285

(C:\Users\Minorzar\AppData\Local\Programs\MiKTeX\tex/latex/fmtcount\fc-french.d
ef
File: fc-french.def 2020/02/24
)
\@DT@modctr=\count286
\@ordinalctr=\count287
\@orgargctr=\count288
\@strctr=\count289
\@tmpstrctr=\count290
\@DT@loopN=\count291
\@DT@X=\count292
)
(C:\Users\Minorzar\AppData\Local\Programs\MiKTeX\tex/latex/datetime\datetime-de
faults.sty
Package: datetime-defaults 2013/09/10
)
\@day=\count293
\@month=\count294
\@year=\count295
\c@HOUR=\count296
\c@HOURXII=\count297
\c@MINUTE=\count298
\c@TOHOUR=\count299
\c@TOMINUTE=\count300
\c@SECOND=\count301
\currenthour=\count302
\currentminute=\count303
\currentsecond=\count304
Package datetime Info: No datetime.cfg file found, using default settings on in
put line 308.

(C:\Users\Minorzar\AppData\Local\Programs\MiKTeX\tex/latex/datetime\dt-french.d
ef
File: dt-french.def 2013/09/10
LaTeX Info: Redefining \datefrench on input line 91.
)
\@dtctr=\count305
\dayofyear=\count306
\dayofweek=\count307
LaTeX Info: Redefining \today on input line 736.
\dt@a=\toks26
\dt@b=\toks27
)
(C:\Users\Minorzar\AppData\Local\Programs\MiKTeX\tex/latex/numprint\numprint.st
y
Package: numprint 2012/08/20 v1.39 Print numbers (HH)
\c@nprt@mantissa@digitsbefore=\count308
\c@nprt@mantissa@digitsafter=\count309
\c@nprt@exponent@digitsbefore=\count310
\c@nprt@exponent@digitsafter=\count311
\nprt@digitwidth=\skip69
\nprt@sepwidth=\skip70
\nprt@decimalwidth=\skip71
\nprt@blockwidth=\skip72
\nprt@digittoks=\toks28
\nprt@pretoks=\toks29
\nprt@posttoks=\toks30
\nprt@thisdigit=\count312
\nprt@curpos=\count313
\nprt@rndpos=\count314
\c@nprt@digitsfirstblock=\count315
\c@nprt@blockcnt=\count316
\c@nprt@cntprint=\count317
 No configuration file `numprint.cfg' found.)
(C:\Users\Minorzar\AppData\Local\Programs\MiKTeX\tex/latex/l3backend\l3backend-
pdftex.def
File: l3backend-pdftex.def 2020-09-24 L3 backend support: PDF output (pdfTeX)
\l__kernel_color_stack_int=\count318
\l__pdf_internal_box=\box53
) (devis_20230901-02.aux)
\openout1 = `devis_20230901-02.aux'.

LaTeX Font Info:    Checking defaults for OML/cmm/m/it on input line 55.
LaTeX Font Info:    ... okay on input line 55.
LaTeX Font Info:    Checking defaults for OMS/cmsy/m/n on input line 55.
LaTeX Font Info:    ... okay on input line 55.
LaTeX Font Info:    Checking defaults for OT1/cmr/m/n on input line 55.
LaTeX Font Info:    ... okay on input line 55.
LaTeX Font Info:    Checking defaults for T1/cmr/m/n on input line 55.
LaTeX Font Info:    ... okay on input line 55.
LaTeX Font Info:    Checking defaults for TS1/cmr/m/n on input line 55.
LaTeX Font Info:    ... okay on input line 55.
LaTeX Font Info:    Checking defaults for OMX/cmex/m/n on input line 55.
LaTeX Font Info:    ... okay on input line 55.
LaTeX Font Info:    Checking defaults for U/cmr/m/n on input line 55.
LaTeX Font Info:    ... okay on input line 55.

*geometry* driver: auto-detecting
*geometry* detected driver: pdftex

Package geometry Warning: The marginal notes overrun the paper.
     Add 29.58032pt and more to the right margin.

*geometry* verbose mode - [ preamble ] result:
* driver: pdftex
* paper: a4paper
* layout: <same size as paper>
* layoutoffset:(h,v)=(0.0pt,0.0pt)
* modes: 
* h-part:(L,W,R)=(39.41968pt, 518.66852pt, 39.41968pt)
* v-part:(T,H,B)=(19.70984pt, 746.49765pt, 78.83936pt)
* \paperwidth=597.50787pt
* \paperheight=845.04684pt
* \textwidth=518.66852pt
* \textheight=746.49765pt
* \oddsidemargin=-32.85031pt
* \evensidemargin=-32.85031pt
* \topmargin=-89.56015pt
* \headheight=12.0pt
* \headsep=25.0pt
* \topskip=11.0pt
* \footskip=30.0pt
* \marginparwidth=59.0pt
* \marginparsep=10.0pt
* \columnsep=10.0pt
* \skip\footins=10.0pt plus 4.0pt minus 2.0pt
* \hoffset=0.0pt
* \voffset=0.0pt
* \mag=1000
* \@twocolumnfalse
* \@twosidefalse
* \@mparswitchfalse
* \@reversemarginfalse
* (1in=72.27pt=25.4mm, 1cm=28.453pt)

LaTeX Info: Redefining \degres on input line 55.
LaTeX Info: Redefining \dots on input line 55.
LaTeX Info: Redefining \up on input line 55.

(C:\Users\Minorzar\AppData\Local\Programs\MiKTeX\tex/context/base/mkii\supp-pdf
.mkii
[Loading MPS to PDF converter (version 2006.09.02).]
\scratchcounter=\count319
\scratchdimen=\dimen164
\scratchbox=\box54
\nofMPsegments=\count320
\nofMParguments=\count321
\everyMPshowfont=\toks31
\MPscratchCnt=\count322
\MPscratchDim=\dimen165
\MPnumerator=\count323
\makeMPintoPDFobject=\count324
\everyMPtoPDFconversion=\toks32
)
(C:\Users\Minorzar\AppData\Local\Programs\MiKTeX\tex/latex/epstopdf-pkg\epstopd
f-base.sty
Package: epstopdf-base 2020-01-24 v2.11 Base part for package epstopdf
Package epstopdf-base Info: Redefining graphics rule for `.eps' on input line 4
85.
)
LaTeX Font Info:    External font `cmex10' loaded for size
(Font)              <10.95> on input line 58.
LaTeX Font Info:    External font `cmex10' loaded for size
(Font)              <8> on input line 58.
LaTeX Font Info:    External font `cmex10' loaded for size
(Font)              <6> on input line 58.
LaTeX Font Info:    Font shape `T1/fve/m/n' will be
(Font)              scaled to size 8.09995pt on input line 60.
<logo.png, id=1, 284.5029pt x 100.4553pt>
File: logo.png Graphic file (type png)
<use logo.png>
Package pdftex.def Info: logo.png  used on input line 62.
(pdftex.def)             Requested size: 170.71652pt x 60.27823pt.

Overfull \hbox (1.02834pt too wide) in paragraph at lines 58--68
 [] 
 []

LaTeX Font Info:    Trying to load font information for TS1+fve on input line 7
5.
(C:\Users\Minorzar\AppData\Local\Programs\MiKTeX\tex/latex/bera\ts1fve.fd
File: ts1fve.fd 2004/09/07 scalable font definitions for TS1/fve.
)
LaTeX Font Info:    Font shape `TS1/fve/m/n' will be
(Font)              scaled to size 9.85492pt on input line 75.
LaTeX Font Info:    Font shape `T1/fve/m/n' will be
(Font)              scaled to size 6.40562pt on input line 75.
LaTeX Font Info:    Font shape `T1/fve/b/n' will be
(Font)              scaled to size 9.85492pt on input line 76.
LaTeX Font Info:    Font shape `T1/fve/m/n' will be
(Font)              scaled to size 8.99994pt on input line 79.
LaTeX Font Info:    Trying to load font information for U+mvs on input line 95.


(C:\Users\Minorzar\AppData\Local\Programs\MiKTeX\tex/latex/marvosym\umvs.fd)
Underfull \hbox (badness 6691) in paragraph at lines 99--99
[]|\T1/fve/m/n/10.95 Enceinte Al-pha E (EM x2, B118 x2,
 []


Underfull \vbox (badness 10000) detected at line 109
 []


AED: lastpage setting LastPage
LaTeX Font Info:    Font shape `T1/fve/m/sl' will be
(Font)              scaled to size 9.85492pt on input line 173.

Package Fancyhdr Warning: \headheight is too small (12.0pt): 
Make it at least 13.59999pt.
We now make it that large for the rest of the document.
This may cause the page layout to be inconsistent, however.

LaTeX Font Info:    Faking \texteuro for font family fve
(Font)              in TS1 encoding on input line 173.
LaTeX Font Info:    Font shape `T1/fve/m/n' will be
(Font)              scaled to size 6.8984pt on input line 173.

LaTeX Font Warning: Font shape `T1/fve/m/sc' undefined
(Font)              using `T1/fve/m/n' instead on input line 173.

[1

{C:/Users/Minorzar/AppData/Local/MiKTeX/pdftex/config/pdftex.map} <./logo.png>]
 (devis_20230901-02.aux)

LaTeX Font Warning: Some font shapes were not available, defaults substituted.

 ) 
Here is how much of TeX's memory you used:
 6786 strings out of 479697
 98414 string characters out of 2865709
 457025 words of memory out of 3000000
 23717 multiletter control sequences out of 15000+200000
 429152 words of font info for 52 fonts, out of 3000000 for 9000
 1141 hyphenation exceptions out of 8191
 80i,16n,85p,1075b,424s stack positions out of 5000i,500n,10000p,200000b,50000s
{C:/Users/Minorzar/AppData/Local/Programs/MiKTeX/fonts/enc/dvips/base/8r.enc}
<C:/Users/Minorzar/AppData/Local/Programs/MiKTeX/fonts/type1/bera/fveb8a.pfb><C
:/Users/Minorzar/AppData/Local/Programs/MiKTeX/fonts/type1/bera/fver8a.pfb><C:/
Users/Minorzar/AppData/Local/Programs/MiKTeX/fonts/type1/public/marvosym/marvos
ym.pfb>
Output written on devis_20230901-02.pdf (1 page, 64198 bytes).
PDF statistics:
 22 PDF objects out of 1000 (max. 8388607)
 0 named destinations out of 1000 (max. 500000)
 6 words of extra memory for PDF output out of 10000 (max. 10000000)

